# JRE version: Java(TM) SE Runtime Environment (8.0_181-b13) (build 1.8.0_181-b13)
# Java VM: Java HotSpot(TM) 64-Bit Server VM (25.181-b13 mixed mode windows-amd64 compressed oops)
Heap:
 PSYoungGen      total 82944K, used 34397K [0x00000000d6000000, 0x00000000dba80000, 0x0000000100000000)
  eden space 75264K, 41% used [0x00000000d6000000,0x00000000d7e7ce78,0x00000000da980000)
  from space 7680K, 41% used [0x00000000db300000,0x00000000db61a960,0x00000000dba80000)
  to   space 8704K, 0% used [0x00000000da980000,0x00000000da980000,0x00000000db200000)
 ParOldGen       total 67072K, used 13557K [0x0000000082000000, 0x0000000086180000, 0x00000000d6000000)
  object space 67072K, 20% used [0x0000000082000000,0x0000000082d3d6b8,0x0000000086180000)
 Metaspace       used 24189K, capacity 25674K, committed 25856K, reserved 1071104K
  class space    used 3305K, capacity 3576K, committed 3584K, reserved 1048576K
GC Heap History (10 events):
Event: 52.524 GC heap before
{Heap before GC invocations=7 (full 1):
 PSYoungGen      total 59392K, used 59360K [0x00000000d6000000, 0x00000000da600000, 0x0000000100000000)
  eden space 54272K, 100% used [0x00000000d6000000,0x00000000d9500000,0x00000000d9500000)
  from space 5120K, 99% used [0x00000000da000000,0x00000000da4f8020,0x00000000da500000)
  to   space 1024K, 0% used [0x00000000da500000,0x00000000da500000,0x00000000da600000)
 ParOldGen       total 67072K, used 9433K [0x0000000082000000, 0x0000000086180000, 0x00000000d6000000)
  object space 67072K, 14% used [0x0000000082000000,0x0000000082936418,0x0000000086180000)
 Metaspace       used 23285K, capacity 24820K, committed 25088K, reserved 1071104K
  class space    used 3230K, capacity 3531K, committed 3584K, reserved 1048576K
Event: 52.532 GC heap after
Heap after GC invocations=7 (full 1):
 PSYoungGen      total 63488K, used 1024K [0x00000000d6000000, 0x00000000db080000, 0x0000000100000000)
  eden space 62464K, 0% used [0x00000000d6000000,0x00000000d6000000,0x00000000d9d00000)
  from space 1024K, 100% used [0x00000000da500000,0x00000000da600000,0x00000000da600000)
  to   space 8192K, 0% used [0x00000000d9d00000,0x00000000d9d00000,0x00000000da500000)
 ParOldGen       total 67072K, used 13533K [0x0000000082000000, 0x0000000086180000, 0x00000000d6000000)
  object space 67072K, 20% used [0x0000000082000000,0x0000000082d376b8,0x0000000086180000)
 Metaspace       used 23285K, capacity 24820K, committed 25088K, reserved 1071104K
  class space    used 3230K, capacity 3531K, committed 3584K, reserved 1048576K
}
Event: 66.398 GC heap before
{Heap before GC invocations=8 (full 1):
 PSYoungGen      total 63488K, used 63488K [0x00000000d6000000, 0x00000000db080000, 0x0000000100000000)
  eden space 62464K, 100% used [0x00000000d6000000,0x00000000d9d00000,0x00000000d9d00000)
  from space 1024K, 100% used [0x00000000da500000,0x00000000da600000,0x00000000da600000)
  to   space 8192K, 0% used [0x00000000d9d00000,0x00000000d9d00000,0x00000000da500000)
 ParOldGen       total 67072K, used 13533K [0x0000000082000000, 0x0000000086180000, 0x00000000d6000000)
  object space 67072K, 20% used [0x0000000082000000,0x0000000082d376b8,0x0000000086180000)
 Metaspace       used 23864K, capacity 25384K, committed 25600K, reserved 1071104K
  class space    used 3274K, capacity 3565K, committed 3584K, reserved 1048576K
Event: 66.403 GC heap after
Heap after GC invocations=8 (full 1):
 PSYoungGen      total 70656K, used 1962K [0x00000000d6000000, 0x00000000db880000, 0x0000000100000000)
  eden space 62464K, 0% used [0x00000000d6000000,0x00000000d6000000,0x00000000d9d00000)
  from space 8192K, 23% used [0x00000000d9d00000,0x00000000d9eea960,0x00000000da500000)
  to   space 8704K, 0% used [0x00000000db000000,0x00000000db000000,0x00000000db880000)
 ParOldGen       total 67072K, used 13541K [0x0000000082000000, 0x0000000086180000, 0x00000000d6000000)
  object space 67072K, 20% used [0x0000000082000000,0x0000000082d396b8,0x0000000086180000)
 Metaspace       used 23864K, capacity 25384K, committed 25600K, reserved 1071104K
  class space    used 3274K, capacity 3565K, committed 3584K, reserved 1048576K
}
Event: 80.912 GC heap before
{Heap before GC invocations=9 (full 1):
 PSYoungGen      total 70656K, used 64426K [0x00000000d6000000, 0x00000000db880000, 0x0000000100000000)
  eden space 62464K, 100% used [0x00000000d6000000,0x00000000d9d00000,0x00000000d9d00000)
  from space 8192K, 23% used [0x00000000d9d00000,0x00000000d9eea960,0x00000000da500000)
  to   space 8704K, 0% used [0x00000000db000000,0x00000000db000000,0x00000000db880000)
 ParOldGen       total 67072K, used 13541K [0x0000000082000000, 0x0000000086180000, 0x00000000d6000000)
  object space 67072K, 20% used [0x0000000082000000,0x0000000082d396b8,0x0000000086180000)
 Metaspace       used 23949K, capacity 25412K, committed 25600K, reserved 1071104K
  class space    used 3280K, capacity 3575K, committed 3584K, reserved 1048576K
Event: 80.919 GC heap after
Heap after GC invocations=9 (full 1):
 PSYoungGen      total 77824K, used 2186K [0x00000000d6000000, 0x00000000db680000, 0x0000000100000000)
  eden space 71168K, 0% used [0x00000000d6000000,0x00000000d6000000,0x00000000da580000)
  from space 6656K, 32% used [0x00000000db000000,0x00000000db222960,0x00000000db680000)
  to   space 8704K, 0% used [0x00000000da580000,0x00000000da580000,0x00000000dae00000)
 ParOldGen       total 67072K, used 13541K [0x0000000082000000, 0x0000000086180000, 0x00000000d6000000)
  object space 67072K, 20% used [0x0000000082000000,0x0000000082d396b8,0x0000000086180000)
 Metaspace       used 23949K, capacity 25412K, committed 25600K, reserved 1071104K
  class space    used 3280K, capacity 3575K, committed 3584K, reserved 1048576K
}
Event: 99.277 GC heap before
{Heap before GC invocations=10 (full 1):
 PSYoungGen      total 77824K, used 73354K [0x00000000d6000000, 0x00000000db680000, 0x0000000100000000)
  eden space 71168K, 100% used [0x00000000d6000000,0x00000000da580000,0x00000000da580000)
  from space 6656K, 32% used [0x00000000db000000,0x00000000db222960,0x00000000db680000)
  to   space 8704K, 0% used [0x00000000da580000,0x00000000da580000,0x00000000dae00000)
 ParOldGen       total 67072K, used 13541K [0x0000000082000000, 0x0000000086180000, 0x00000000d6000000)
  object space 67072K, 20% used [0x0000000082000000,0x0000000082d396b8,0x0000000086180000)
 Metaspace       used 24096K, capacity 25604K, committed 25856K, reserved 1071104K
  class space    used 3302K, capacity 3575K, committed 3584K, reserved 1048576K
Event: 99.287 GC heap after
Heap after GC invocations=10 (full 1):
 PSYoungGen      total 79872K, used 2570K [0x00000000d6000000, 0x00000000dbb80000, 0x0000000100000000)
  eden space 71168K, 0% used [0x00000000d6000000,0x00000000d6000000,0x00000000da580000)
  from space 8704K, 29% used [0x00000000da580000,0x00000000da802960,0x00000000dae00000)
  to   space 8704K, 0% used [0x00000000db300000,0x00000000db300000,0x00000000dbb80000)
 ParOldGen       total 67072K, used 13549K [0x0000000082000000, 0x0000000086180000, 0x00000000d6000000)
  object space 67072K, 20% used [0x0000000082000000,0x0000000082d3b6b8,0x0000000086180000)
 Metaspace       used 24096K, capacity 25604K, committed 25856K, reserved 1071104K
  class space    used 3302K, capacity 3575K, committed 3584K, reserved 1048576K
}
Event: 120.835 GC heap before
{Heap before GC invocations=11 (full 1):
 PSYoungGen      total 79872K, used 73738K [0x00000000d6000000, 0x00000000dbb80000, 0x0000000100000000)
  eden space 71168K, 100% used [0x00000000d6000000,0x00000000da580000,0x00000000da580000)
  from space 8704K, 29% used [0x00000000da580000,0x00000000da802960,0x00000000dae00000)
  to   space 8704K, 0% used [0x00000000db300000,0x00000000db300000,0x00000000dbb80000)
 ParOldGen       total 67072K, used 13549K [0x0000000082000000, 0x0000000086180000, 0x00000000d6000000)
  object space 67072K, 20% used [0x0000000082000000,0x0000000082d3b6b8,0x0000000086180000)
 Metaspace       used 24121K, capacity 25604K, committed 25856K, reserved 1071104K
  class space    used 3302K, capacity 3575K, committed 3584K, reserved 1048576K
Event: 120.843 GC heap after
Heap after GC invocations=11 (full 1):
 PSYoungGen      total 82944K, used 3178K [0x00000000d6000000, 0x00000000dba80000, 0x0000000100000000)
  eden space 75264K, 0% used [0x00000000d6000000,0x00000000d6000000,0x00000000da980000)
  from space 7680K, 41% used [0x00000000db300000,0x00000000db61a960,0x00000000dba80000)
  to   space 8704K, 0% used [0x00000000da980000,0x00000000da980000,0x00000000db200000)
 ParOldGen       total 67072K, used 13557K [0x0000000082000000, 0x0000000086180000, 0x00000000d6000000)
  object space 67072K, 20% used [0x0000000082000000,0x0000000082d3d6b8,0x0000000086180000)
 Metaspace       used 24121K, capacity 25604K, committed 25856K, reserved 1071104K
  class space    used 3302K, capacity 3575K, committed 3584K, reserved 1048576K
}

